{
  "RSpec": {
    "coverage": {
      "/mnt/01D502092D89E270/Work/Koombean/twitter-clone/config/environment.rb": [
        null,
        1,
        null,
        null,
        1
      ],
      "/mnt/01D502092D89E270/Work/Koombean/twitter-clone/config/application.rb": [
        1,
        null,
        1,
        null,
        null,
        null,
        1,
        null,
        1,
        1,
        null,
        1,
        null,
        null,
        null,
        null,
        null,
        null,
        null,
        null,
        null,
        null
      ],
      "/mnt/01D502092D89E270/Work/Koombean/twitter-clone/config/boot.rb": [
        1,
        null,
        1,
        1
      ],
      "/mnt/01D502092D89E270/Work/Koombean/twitter-clone/config/environments/test.rb": [
        1,
        null,
        null,
        null,
        null,
        null,
        null,
        1,
        null,
        null,
        1,
        1,
        null,
        null,
        null,
        null,
        1,
        null,
        null,
        1,
        1,
        null,
        null,
        null,
        null,
        1,
        1,
        1,
        null,
        null,
        1,
        null,
        null,
        1,
        null,
        null,
        1,
        null,
        1,
        null,
        null,
        null,
        null,
        1,
        null,
        null,
        1,
        null,
        null,
        1,
        null,
        null,
        1,
        null,
        null,
        null,
        null,
        null,
        null,
        null
      ],
      "/mnt/01D502092D89E270/Work/Koombean/twitter-clone/config/initializers/active_admin.rb": [
        1,
        null,
        null,
        null,
        null,
        null,
        1,
        null,
        null,
        null,
        null,
        null,
        null,
        null,
        null,
        null,
        null,
        null,
        null,
        null,
        null,
        null,
        null,
        null,
        null,
        null,
        null,
        null,
        null,
        null,
        null,
        null,
        null,
        null,
        null,
        null,
        null,
        null,
        null,
        null,
        null,
        null,
        null,
        null,
        null,
        null,
        null,
        null,
        null,
        null,
        null,
        null,
        null,
        null,
        null,
        null,
        1,
        null,
        null,
        null,
        null,
        null,
        null,
        null,
        null,
        null,
        null,
        null,
        null,
        null,
        null,
        null,
        null,
        null,
        null,
        null,
        null,
        null,
        null,
        null,
        null,
        null,
        null,
        null,
        null,
        null,
        null,
        null,
        null,
        null,
        null,
        null,
        null,
        1,
        null,
        null,
        null,
        null,
        null,
        null,
        null,
        null,
        null,
        null,
        null,
        1,
        null,
        null,
        null,
        null,
        null,
        null,
        null,
        null,
        null,
        null,
        null,
        null,
        null,
        null,
        null,
        null,
        null,
        null,
        null,
        null,
        null,
        null,
        null,
        null,
        null,
        null,
        null,
        null,
        null,
        null,
        null,
        null,
        null,
        null,
        null,
        null,
        null,
        null,
        null,
        1,
        null,
        null,
        null,
        null,
        null,
        null,
        null,
        null,
        null,
        null,
        null,
        null,
        null,
        1,
        null,
        null,
        null,
        null,
        null,
        null,
        null,
        null,
        null,
        null,
        1,
        null,
        null,
        null,
        null,
        null,
        null,
        null,
        null,
        null,
        null,
        null,
        null,
        null,
        null,
        null,
        null,
        null,
        null,
        null,
        null,
        null,
        null,
        null,
        null,
        null,
        null,
        null,
        null,
        null,
        null,
        null,
        null,
        null,
        null,
        null,
        null,
        null,
        null,
        null,
        null,
        null,
        null,
        null,
        null,
        null,
        null,
        null,
        null,
        null,
        null,
        null,
        null,
        null,
        null,
        null,
        null,
        null,
        null,
        null,
        null,
        null,
        null,
        null,
        null,
        null,
        null,
        null,
        null,
        null,
        null,
        null,
        null,
        null,
        null,
        null,
        null,
        null,
        null,
        null,
        null,
        null,
        null,
        null,
        null,
        null,
        null,
        null,
        null,
        null,
        null,
        null,
        null,
        null,
        null,
        null,
        null,
        null,
        null,
        null,
        null,
        null,
        null,
        null,
        null,
        null,
        null,
        null,
        null,
        null,
        null,
        null,
        null,
        null,
        null,
        null,
        null,
        null,
        null,
        null,
        null,
        null,
        null,
        null,
        null,
        null,
        null,
        null,
        null,
        null,
        null,
        null,
        null,
        null,
        null,
        null,
        null,
        null,
        null,
        null,
        null,
        null,
        null,
        null,
        null,
        null,
        null,
        null,
        null,
        null,
        null,
        null,
        null,
        null,
        null,
        null,
        null,
        null,
        null,
        null,
        null,
        null,
        null,
        null,
        1,
        null
      ],
      "/mnt/01D502092D89E270/Work/Koombean/twitter-clone/app/controllers/application_controller.rb": [
        null,
        null,
        null,
        1,
        1,
        1,
        1,
        null,
        1,
        null,
        1,
        0,
        0,
        0,
        0,
        null,
        null
      ],
      "/mnt/01D502092D89E270/Work/Koombean/twitter-clone/app/helpers/application_helper.rb": [
        1,
        1,
        14,
        3,
        3,
        3,
        3,
        3,
        3,
        3,
        3,
        3,
        null,
        null,
        null
      ],
      "/mnt/01D502092D89E270/Work/Koombean/twitter-clone/app/helpers/profile_info_helper.rb": [
        1,
        1,
        14,
        null,
        null,
        1,
        14,
        null,
        null,
        1,
        14,
        null,
        null
      ],
      "/mnt/01D502092D89E270/Work/Koombean/twitter-clone/config/initializers/application_controller_renderer.rb": [
        null,
        null,
        null,
        null,
        null,
        null,
        null,
        null
      ],
      "/mnt/01D502092D89E270/Work/Koombean/twitter-clone/config/initializers/assets.rb": [
        null,
        null,
        null,
        1,
        null,
        null,
        null,
        null,
        1,
        1,
        1,
        null,
        null,
        null,
        null
      ],
      "/mnt/01D502092D89E270/Work/Koombean/twitter-clone/config/initializers/backtrace_silencers.rb": [
        null,
        null,
        null,
        null,
        null,
        null,
        null,
        1
      ],
      "/mnt/01D502092D89E270/Work/Koombean/twitter-clone/config/initializers/content_security_policy.rb": [
        null,
        null,
        null,
        null,
        null,
        null,
        null,
        null,
        null,
        null,
        null,
        null,
        null,
        null,
        null,
        null,
        null,
        null,
        null,
        null,
        null,
        null,
        null,
        null,
        null,
        null,
        null,
        null,
        null,
        null
      ],
      "/mnt/01D502092D89E270/Work/Koombean/twitter-clone/config/initializers/cookies_serializer.rb": [
        null,
        null,
        null,
        null,
        1
      ],
      "/mnt/01D502092D89E270/Work/Koombean/twitter-clone/config/initializers/devise.rb": [
        null,
        null,
        null,
        null,
        null,
        null,
        null,
        null,
        null,
        null,
        1,
        null,
        null,
        null,
        null,
        null,
        null,
        null,
        null,
        null,
        null,
        null,
        null,
        null,
        null,
        null,
        1,
        null,
        null,
        null,
        null,
        null,
        null,
        null,
        null,
        null,
        null,
        null,
        1,
        null,
        null,
        null,
        null,
        null,
        null,
        null,
        null,
        null,
        1,
        null,
        null,
        null,
        null,
        null,
        null,
        null,
        null,
        null,
        null,
        null,
        1,
        null,
        null,
        null,
        null,
        1,
        null,
        null,
        null,
        null,
        null,
        null,
        null,
        null,
        null,
        null,
        null,
        null,
        null,
        null,
        null,
        null,
        null,
        null,
        null,
        null,
        null,
        null,
        null,
        null,
        null,
        null,
        null,
        null,
        null,
        null,
        null,
        null,
        null,
        1,
        null,
        null,
        null,
        null,
        null,
        null,
        null,
        null,
        null,
        null,
        null,
        null,
        null,
        null,
        null,
        null,
        null,
        null,
        null,
        null,
        null,
        null,
        null,
        null,
        null,
        1,
        null,
        null,
        null,
        null,
        null,
        null,
        null,
        null,
        null,
        null,
        null,
        null,
        null,
        null,
        null,
        null,
        null,
        null,
        null,
        null,
        null,
        null,
        null,
        null,
        null,
        null,
        null,
        null,
        null,
        null,
        null,
        null,
        null,
        1,
        null,
        null,
        null,
        null,
        null,
        null,
        null,
        null,
        null,
        1,
        null,
        null,
        null,
        null,
        null,
        null,
        null,
        null,
        null,
        null,
        1,
        null,
        null,
        null,
        null,
        1,
        null,
        null,
        null,
        null,
        null,
        null,
        null,
        null,
        null,
        null,
        null,
        null,
        null,
        null,
        null,
        null,
        null,
        null,
        null,
        null,
        null,
        null,
        null,
        null,
        null,
        null,
        null,
        null,
        null,
        null,
        null,
        null,
        null,
        null,
        null,
        null,
        null,
        null,
        null,
        null,
        1,
        null,
        null,
        null,
        null,
        null,
        null,
        null,
        null,
        null,
        null,
        null,
        null,
        null,
        null,
        null,
        null,
        null,
        null,
        null,
        null,
        null,
        null,
        null,
        null,
        null,
        null,
        null,
        null,
        null,
        null,
        null,
        null,
        null,
        null,
        null,
        null,
        null,
        null,
        null,
        null,
        null,
        1,
        null,
        null,
        null,
        null,
        null,
        null,
        null,
        null,
        null,
        null,
        null,
        null,
        null,
        null,
        null,
        null,
        null,
        null,
        null,
        null,
        null,
        null,
        null,
        null,
        null,
        null,
        null,
        null,
        null,
        null,
        null,
        null,
        null,
        null,
        null,
        null,
        null,
        null,
        null,
        null,
        null,
        null
      ],
      "/mnt/01D502092D89E270/Work/Koombean/twitter-clone/config/initializers/filter_parameter_logging.rb": [
        null,
        null,
        null,
        1,
        null,
        null
      ],
      "/mnt/01D502092D89E270/Work/Koombean/twitter-clone/config/initializers/inflections.rb": [
        null,
        null,
        null,
        null,
        null,
        null,
        null,
        null,
        null,
        null,
        null,
        null,
        null,
        null,
        null,
        null
      ],
      "/mnt/01D502092D89E270/Work/Koombean/twitter-clone/config/initializers/mime_types.rb": [
        null,
        null,
        null,
        null
      ],
      "/mnt/01D502092D89E270/Work/Koombean/twitter-clone/config/initializers/permissions_policy.rb": [
        null,
        null,
        null,
        null,
        null,
        null,
        null,
        null,
        null,
        null,
        null
      ],
      "/mnt/01D502092D89E270/Work/Koombean/twitter-clone/config/initializers/will_paginate.rb": [
        null,
        null,
        1,
        1,
        1,
        1,
        1,
        1,
        null,
        null,
        null,
        1,
        1,
        null,
        null,
        null
      ],
      "/mnt/01D502092D89E270/Work/Koombean/twitter-clone/config/initializers/wrap_parameters.rb": [
        null,
        null,
        null,
        null,
        null,
        null,
        1,
        2,
        null,
        null,
        null,
        null,
        null,
        null
      ],
      "/mnt/01D502092D89E270/Work/Koombean/twitter-clone/spec/factories/follow.rb": [
        1,
        1,
        5,
        5,
        null,
        null
      ],
      "/mnt/01D502092D89E270/Work/Koombean/twitter-clone/spec/factories/tweet.rb": [
        1,
        1,
        36,
        39,
        null,
        null
      ],
      "/mnt/01D502092D89E270/Work/Koombean/twitter-clone/spec/factories/user.rb": [
        1,
        1,
        92,
        92,
        92,
        92,
        92,
        92,
        null,
        null
      ],
      "/mnt/01D502092D89E270/Work/Koombean/twitter-clone/config/routes.rb": [
        null,
        null,
        1,
        1,
        1,
        null,
        1,
        null,
        null,
        null,
        1,
        1,
        1,
        null,
        1,
        1,
        1,
        null,
        1,
        null,
        1,
        1,
        null,
        1,
        null,
        null
      ],
      "/mnt/01D502092D89E270/Work/Koombean/twitter-clone/app/models/admin_user.rb": [
        1,
        null,
        null,
        1,
        null,
        null
      ],
      "/mnt/01D502092D89E270/Work/Koombean/twitter-clone/app/models/application_record.rb": [
        null,
        null,
        null,
        1,
        1,
        null
      ],
      "/mnt/01D502092D89E270/Work/Koombean/twitter-clone/app/admin/admin_users.rb": [
        1,
        1,
        null,
        1,
        0,
        0,
        0,
        0,
        0,
        0,
        0,
        null,
        null,
        1,
        1,
        1,
        1,
        null,
        1,
        0,
        0,
        0,
        0,
        null,
        0,
        null,
        null,
        null
      ],
      "/mnt/01D502092D89E270/Work/Koombean/twitter-clone/app/admin/dashboard.rb": [
        1,
        1,
        null,
        1,
        0,
        0,
        0,
        0,
        null,
        null,
        null,
        null,
        null,
        null,
        null,
        null,
        null,
        null,
        null,
        null,
        null,
        null,
        null,
        null,
        null,
        null,
        null,
        null,
        null,
        null,
        null,
        null
      ],
      "/mnt/01D502092D89E270/Work/Koombean/twitter-clone/app/admin/follows.rb": [
        1,
        null,
        null,
        null,
        null,
        null,
        null,
        1,
        null,
        null,
        null,
        null,
        null,
        null,
        null,
        null,
        null,
        null
      ],
      "/mnt/01D502092D89E270/Work/Koombean/twitter-clone/app/models/follow.rb": [
        null,
        null,
        null,
        1,
        1,
        1,
        null,
        1,
        1,
        null
      ],
      "/mnt/01D502092D89E270/Work/Koombean/twitter-clone/app/admin/tweets.rb": [
        1,
        null,
        null,
        null,
        null,
        null,
        null,
        1,
        null,
        null,
        null,
        null,
        null,
        null,
        null,
        null,
        null,
        null,
        null,
        null,
        null,
        null,
        null,
        null,
        null,
        null,
        null,
        null,
        null
      ],
      "/mnt/01D502092D89E270/Work/Koombean/twitter-clone/app/models/tweet.rb": [
        null,
        null,
        null,
        1,
        1,
        null,
        1,
        1,
        1,
        null
      ],
      "/mnt/01D502092D89E270/Work/Koombean/twitter-clone/app/admin/users.rb": [
        1,
        null,
        null,
        null,
        null,
        null,
        null,
        1,
        null,
        1,
        0,
        0,
        0,
        null,
        0,
        0,
        null,
        0,
        0,
        null,
        0,
        0,
        null,
        0,
        0,
        null,
        null,
        null,
        null,
        null,
        null,
        null,
        null,
        null,
        null,
        null,
        null
      ],
      "/mnt/01D502092D89E270/Work/Koombean/twitter-clone/app/models/user.rb": [
        null,
        null,
        null,
        1,
        null,
        1,
        null,
        1,
        1,
        null,
        1,
        1,
        null,
        1,
        null,
        null,
        null,
        1,
        null,
        null,
        1,
        null,
        null,
        1,
        1,
        null,
        1,
        null,
        1,
        100,
        null,
        null,
        1,
        0,
        null,
        null,
        1,
        0,
        0,
        0,
        null,
        null,
        0,
        null,
        null,
        null
      ],
      "/mnt/01D502092D89E270/Work/Koombean/twitter-clone/spec/support/database_cleaner.rb": [
        1,
        1,
        1,
        null,
        null,
        1,
        57,
        null,
        null,
        1,
        57,
        null,
        null,
        1,
        57,
        null,
        null
      ],
      "/mnt/01D502092D89E270/Work/Koombean/twitter-clone/spec/models/follow_spec.rb": [
        1,
        null,
        1,
        null,
        5,
        null,
        1,
        2,
        2,
        null,
        null,
        1,
        2,
        2,
        null,
        null
      ],
      "/mnt/01D502092D89E270/Work/Koombean/twitter-clone/spec/models/tweet_spec.rb": [
        1,
        null,
        1,
        null,
        5,
        null,
        1,
        2,
        null,
        null,
        1,
        2,
        2,
        2,
        null,
        null
      ],
      "/mnt/01D502092D89E270/Work/Koombean/twitter-clone/spec/models/user_spec.rb": [
        1,
        null,
        1,
        null,
        12,
        null,
        1,
        2,
        2,
        2,
        2,
        2,
        2,
        null,
        null,
        1,
        2,
        2,
        2,
        2,
        2,
        null,
        null
      ],
      "/mnt/01D502092D89E270/Work/Koombean/twitter-clone/spec/requests/followships_request_spec.rb": [
        1,
        1,
        null,
        1,
        1,
        1,
        null,
        15,
        15,
        6,
        15,
        15,
        null,
        1,
        14,
        14,
        null,
        null,
        1,
        1,
        1,
        1,
        null,
        null,
        null,
        1,
        1,
        1,
        1,
        null,
        null,
        null,
        1,
        1,
        1,
        1,
        null,
        null,
        1,
        1,
        1,
        null,
        null,
        null,
        1,
        1,
        1,
        1,
        null,
        null,
        1,
        1,
        1,
        null,
        null,
        null,
        1,
        1,
        1,
        1,
        null,
        null,
        null,
        1,
        1,
        1,
        1,
        1,
        null,
        null,
        null,
        1,
        1,
        1,
        null,
        null,
        null,
        1,
        3,
        1,
        1,
        1,
        null,
        null,
        null,
        1,
        1,
        1,
        null,
        null,
        null,
        null,
        1,
        null,
        1,
        1,
        1,
        1,
        null,
        null,
        null,
        null,
        1,
        1,
        1,
        1,
        null,
        null,
        null,
        1,
        1,
        1,
        1,
        null,
        null,
        null,
        null
      ],
      "/mnt/01D502092D89E270/Work/Koombean/twitter-clone/spec/shared_contexts.rb": [
        1,
        3,
        28,
        null,
        null,
        3,
        28,
        null,
        null,
        null,
        1,
        3,
        0,
        null,
        null,
        3,
        0,
        null,
        null
      ],
      "/mnt/01D502092D89E270/Work/Koombean/twitter-clone/spec/requests/home_request_spec.rb": [
        1,
        1,
        null,
        1,
        null,
        1,
        1,
        null,
        2,
        null,
        1,
        1,
        1,
        null,
        null,
        1,
        1,
        1,
        1,
        null,
        null,
        null,
        null
      ],
      "/mnt/01D502092D89E270/Work/Koombean/twitter-clone/spec/requests/tweets_request_spec.rb": [
        1,
        1,
        null,
        null,
        null,
        null,
        null,
        null,
        null,
        null,
        null,
        null,
        null,
        null,
        null,
        1,
        null,
        null,
        null,
        1,
        1,
        null,
        14,
        null,
        5,
        null,
        4,
        null,
        14,
        null,
        1,
        13,
        13,
        null,
        null,
        1,
        1,
        1,
        1,
        null,
        null,
        null,
        1,
        1,
        1,
        1,
        1,
        null,
        null,
        null,
        1,
        1,
        1,
        1,
        null,
        null,
        null,
        1,
        1,
        1,
        1,
        1,
        null,
        null,
        null,
        1,
        1,
        1,
        1,
        1,
        null,
        null,
        null,
        1,
        1,
        1,
        null,
        null,
        null,
        1,
        1,
        1,
        1,
        null,
        null,
        null,
        1,
        1,
        1,
        null,
        null,
        null,
        null,
        1,
        1,
        1,
        2,
        null,
        null,
        1,
        1,
        1,
        1,
        1,
        null,
        null,
        1,
        1,
        1,
        1,
        1,
        null,
        null,
        null,
        1,
        1,
        1,
        1,
        1,
        null,
        null,
        null,
        null,
        1,
        1,
        1,
        1,
        1,
        null,
        null,
        null,
        1,
        1,
        1,
        1,
        null,
        null,
        null
      ],
      "/mnt/01D502092D89E270/Work/Koombean/twitter-clone/spec/routing/tweets_routing_spec.rb": [
        1,
        null,
        1,
        1,
        1,
        1,
        null,
        null,
        1,
        1,
        null,
        null,
        1,
        1,
        null,
        null,
        1,
        1,
        null,
        null,
        null,
        1,
        1,
        null,
        null,
        1,
        1,
        null,
        null,
        1,
        1,
        null,
        null,
        1,
        1,
        null,
        null,
        null
      ],
      "/mnt/01D502092D89E270/Work/Koombean/twitter-clone/app/controllers/tweets_controller.rb": [
        null,
        null,
        null,
        1,
        1,
        null,
        null,
        1,
        1,
        null,
        null,
        null,
        1,
        null,
        null,
        1,
        1,
        null,
        null,
        null,
        1,
        null,
        null,
        1,
        4,
        4,
        2,
        2,
        null,
        2,
        2,
        null,
        null,
        null,
        null,
        1,
        3,
        2,
        2,
        null,
        1,
        1,
        null,
        null,
        null,
        null,
        1,
        2,
        2,
        2,
        null,
        null,
        null,
        1,
        null,
        null,
        1,
        7,
        null,
        null,
        null,
        1,
        7,
        null,
        null
      ],
      "/mnt/01D502092D89E270/Work/Koombean/twitter-clone/app/controllers/home_controller.rb": [
        null,
        null,
        null,
        1,
        1,
        null,
        1,
        1,
        null,
        null,
        null,
        null,
        1,
        14,
        null,
        null,
        null
      ],
      "/mnt/01D502092D89E270/Work/Koombean/twitter-clone/app/controllers/followships_controller.rb": [
        null,
        null,
        null,
        1,
        1,
        1,
        null,
        null,
        1,
        1,
        1,
        null,
        null,
        1,
        2,
        2,
        null,
        2,
        2,
        2,
        0,
        0,
        0,
        null,
        null,
        0,
        0,
        null,
        null,
        null,
        1,
        null,
        1,
        4,
        4,
        4,
        null,
        2,
        2,
        2,
        0,
        0,
        0,
        null,
        null,
        2,
        2,
        null,
        null,
        0,
        0,
        null,
        null,
        null,
        1,
        3,
        3,
        3,
        3,
        3,
        2,
        null,
        1,
        null,
        null,
        0,
        0,
        null,
        null,
        null,
        1,
        3,
        3,
        null,
        1,
        1,
        null,
        1,
        1,
        null,
        1,
        null,
        3,
        null,
        null,
        1,
        null,
        null,
        1,
        43,
        null,
        null,
        1,
        10,
        null,
        null,
        1,
        20,
        0,
        null,
        20,
        null,
        null,
        null
      ]
    },
    "timestamp": 1615862844
  }
}
